<?xml version="1.0" encoding="UTF-8"?>
<!-- Generated by org.testng.reporters.JUnitReportReporter -->
<testsuite hostname="DESKTOP-SQGG2PG" failures="0" tests="1" name="test.LoginTest" time="2.836" errors="0" timestamp="2022-01-23T15:36:38 CST" skipped="0">
  <testcase classname="test.LoginTest" name="validUserShouldBeAbleToLogin" time="2.836"/>
  <system-out/>
</testsuite> <!-- test.LoginTest -->
