<?xml version="1.0" encoding="UTF-8"?>
<!-- Generated by org.testng.reporters.JUnitReportReporter -->
<testsuite hostname="DESKTOP-SQGG2PG" failures="0" tests="1" name="test.TesNGTest1" time="4.781" errors="0" timestamp="2022-01-30T15:15:48 CST" skipped="0">
  <testcase classname="test.TesNGTest1" name="validUserShouldBeAbleToLogin" time="4.781"/>
  <system-out/>
</testsuite> <!-- test.TesNGTest1 -->
