<?xml version="1.0" encoding="UTF-8"?>
<!-- Generated by org.testng.reporters.JUnitReportReporter -->
<testsuite hostname="DESKTOP-SQGG2PG" failures="0" tests="1" name="test.TestNGTest3" time="2.615" errors="0" timestamp="2022-01-30T15:14:53 CST" skipped="0">
  <testcase classname="test.TestNGTest3" name="validateMonthDropList" time="2.615"/>
  <system-out/>
</testsuite> <!-- test.TestNGTest3 -->
